<?xml version="1.0" encoding="UTF-8"?>
<testng-results skipped="0" failed="0" ignored="0" total="4" passed="4">
  <reporter-output>
  </reporter-output>
  <suite name="Default suite" duration-ms="38616" started-at="2018-03-29T15:02:28Z" finished-at="2018-03-29T15:03:07Z">
    <groups>
    </groups>
    <test name="Default test" duration-ms="38616" started-at="2018-03-29T15:02:28Z" finished-at="2018-03-29T15:03:07Z">
      <class name="automationFramework.TestCase">
        <test-method status="PASS" signature="beforeTest()[pri:0, instance:automationFramework.TestCase@5e5792a0]" name="beforeTest" is-config="true" duration-ms="9534" started-at="2018-03-29T15:02:28Z" finished-at="2018-03-29T15:02:38Z">
          <reporter-output>
          </reporter-output>
        </test-method> <!-- beforeTest -->
        <test-method status="PASS" signature="loginPageTest()[pri:1, instance:automationFramework.TestCase@5e5792a0]" name="loginPageTest" duration-ms="6147" started-at="2018-03-29T15:02:38Z" finished-at="2018-03-29T15:02:44Z">
          <reporter-output>
          </reporter-output>
        </test-method> <!-- loginPageTest -->
        <test-method status="PASS" signature="searchTest()[pri:2, instance:automationFramework.TestCase@5e5792a0]" name="searchTest" duration-ms="13673" started-at="2018-03-29T15:02:44Z" finished-at="2018-03-29T15:02:58Z">
          <reporter-output>
          </reporter-output>
        </test-method> <!-- searchTest -->
        <test-method status="PASS" signature="productPageTest()[pri:3, instance:automationFramework.TestCase@5e5792a0]" name="productPageTest" duration-ms="5701" started-at="2018-03-29T15:02:58Z" finished-at="2018-03-29T15:03:03Z">
          <reporter-output>
          </reporter-output>
        </test-method> <!-- productPageTest -->
        <test-method status="PASS" signature="myAccountPageTest()[pri:4, instance:automationFramework.TestCase@5e5792a0]" name="myAccountPageTest" duration-ms="2726" started-at="2018-03-29T15:03:03Z" finished-at="2018-03-29T15:03:06Z">
          <reporter-output>
          </reporter-output>
        </test-method> <!-- myAccountPageTest -->
        <test-method status="PASS" signature="afterTest()[pri:0, instance:automationFramework.TestCase@5e5792a0]" name="afterTest" is-config="true" duration-ms="787" started-at="2018-03-29T15:03:06Z" finished-at="2018-03-29T15:03:07Z">
          <reporter-output>
          </reporter-output>
        </test-method> <!-- afterTest -->
      </class> <!-- automationFramework.TestCase -->
    </test> <!-- Default test -->
  </suite> <!-- Default suite -->
</testng-results>
