<?xml version="1.0" encoding="UTF-8"?>
<!-- Generated by org.testng.reporters.JUnitXMLReporter -->
<testsuite hostname="MD1J9NMC" ignored="0" name="Default test" tests="4" failures="0" timestamp="29 Mar 2018 15:03:07 GMT" time="38.616" errors="0">
  <testcase name="loginPageTest" time="6.147" classname="automationFramework.TestCase"/>
  <testcase name="searchTest" time="13.673" classname="automationFramework.TestCase"/>
  <testcase name="productPageTest" time="5.701" classname="automationFramework.TestCase"/>
  <testcase name="myAccountPageTest" time="2.726" classname="automationFramework.TestCase"/>
</testsuite> <!-- Default test -->
